The system is: Windows - 10.0.19044 - AMD64
Compiling the CXX compiler identification source file "CMakeCXXCompilerId.cpp" succeeded.
Compiler:  
Build flags: 
Id flags:  

The output was:
0
MSBuild version 17.5.1+f6fdcf537 for .NET Framework
Build started 5/11/2023 10:02:24 PM.
Included response file: C:\Program Files\Microsoft Visual Studio\2022\Community\MSBuild\Current\Bin\amd64\MSBuild.rsp

Project "C:\Users\pc\Desktop\Mon_Vocabulaire_Flutter\build\CMakeFiles\3.25.1-msvc1\CompilerIdCXX\CompilerIdCXX.vcxproj" on node 1 (default targets).
PrepareForBuild:
  Creating directory "Debug\".
  Creating directory "Debug\CompilerIdCXX.tlog\".
InitializeBuildStatus:
  Creating "Debug\CompilerIdCXX.tlog\unsuccessfulbuild" because "AlwaysCreate" was specified.
ClCompile:
  C:\Program Files\Microsoft Visual Studio\2022\Community\VC\Tools\MSVC\14.35.32215\bin\HostX64\x64\CL.exe /c /nologo /W0 /WX- /diagnostics:column /Od /D _MBCS /Gm- /EHsc /RTC1 /MDd /GS /fp:precise /Zc:wchar_t /Zc:forScope /Zc:inline /Fo"Debug\\" /Fd"Debug\vc143.pdb" /external:W0 /Gd /TP /FC /errorReport:queue CMakeCXXCompilerId.cpp
  CMakeCXXCompilerId.cpp
Link:
  C:\Program Files\Microsoft Visual Studio\2022\Community\VC\Tools\MSVC\14.35.32215\bin\HostX64\x64\link.exe /ERRORREPORT:QUEUE /OUT:".\CompilerIdCXX.exe" /INCREMENTAL:NO /NOLOGO kernel32.lib user32.lib gdi32.lib winspool.lib comdlg32.lib advapi32.lib shell32.lib ole32.lib oleaut32.lib uuid.lib odbc32.lib odbccp32.lib /MANIFEST /MANIFESTUAC:"level='asInvoker' uiAccess='false'" /manifest:embed /PDB:".\CompilerIdCXX.pdb" /SUBSYSTEM:CONSOLE /TLBID:1 /DYNAMICBASE /NXCOMPAT /IMPLIB:".\CompilerIdCXX.lib" /MACHINE:X64 Debug\CMakeCXXCompilerId.obj
  CompilerIdCXX.vcxproj -> C:\Users\pc\Desktop\Mon_Vocabulaire_Flutter\build\CMakeFiles\3.25.1-msvc1\CompilerIdCXX\CompilerIdCXX.exe
PostBuildEvent:
  for %%i in (cl.exe) do @echo CMAKE_CXX_COMPILER=%%~$PATH:i
  :VCEnd
  CMAKE_CXX_COMPILER=C:\Program Files\Microsoft Visual Studio\2022\Community\VC\Tools\MSVC\14.35.32215\bin\Hostx64\x64\cl.exe
FinalizeBuildStatus:
  Deleting file "Debug\CompilerIdCXX.tlog\unsuccessfulbuild".
  Touching "Debug\CompilerIdCXX.tlog\CompilerIdCXX.lastbuildstate".
Done Building Project "C:\Users\pc\Desktop\Mon_Vocabulaire_Flutter\build\CMakeFiles\3.25.1-msvc1\CompilerIdCXX\CompilerIdCXX.vcxproj" (default targets).

Build succeeded.
    0 Warning(s)
    0 Error(s)

Time Elapsed 00:00:05.33


Compilation of the CXX compiler identification source "CMakeCXXCompilerId.cpp" produced "CompilerIdCXX.exe"

Compilation of the CXX compiler identification source "CMakeCXXCompilerId.cpp" produced "CompilerIdCXX.vcxproj"

The CXX compiler identification is MSVC, found in "C:/Users/pc/Desktop/Mon_Vocabulaire_Flutter/build/CMakeFiles/3.25.1-msvc1/CompilerIdCXX/CompilerIdCXX.exe"

Detecting CXX compiler ABI info compiled with the following output:
Change Dir: C:/Users/pc/Desktop/Mon_Vocabulaire_Flutter/build/CMakeFiles/CMakeScratch/TryCompile-90ys1r

Run Build Command(s):C:/Program Files/Microsoft Visual Studio/2022/Community/MSBuild/Current/Bin/amd64/MSBuild.exe cmTC_971ae.vcxproj /p:Configuration=Debug /p:Platform=x64 /p:VisualStudioVersion=17.0 /v:m && MSBuild version 17.5.1+f6fdcf537 for .NET Framework

  Compilateur d'optimisation Microsoft (R) C/C++ version 19.35.32216.1 pour x64
  CMakeCXXCompilerABI.cpp
  Copyright (C) Microsoft Corporation. Tous droits réservés.
  cl /c /Zi /W3 /WX- /diagnostics:column /Od /Ob0 /D _MBCS /D WIN32 /D _WINDOWS /D "CMAKE_INTDIR=\"Debug\"" /Gm- /EHsc /RTC1 /MDd /GS /fp:precise /Zc:wchar_t /Zc:forScope /Zc:inline /GR /Fo"cmTC_971ae.dir\Debug\\" /Fd"cmTC_971ae.dir\Debug\vc143.pdb" /external:W3 /Gd /TP /errorReport:queue "C:\Program Files\Microsoft Visual Studio\2022\Community\Common7\IDE\CommonExtensions\Microsoft\CMake\CMake\share\cmake-3.25\Modules\CMakeCXXCompilerABI.cpp"
  cmTC_971ae.vcxproj -> C:\Users\pc\Desktop\Mon_Vocabulaire_Flutter\build\CMakeFiles\CMakeScratch\TryCompile-90ys1r\Debug\cmTC_971ae.exe



The system is: Windows - 10.0.19044 - AMD64
Compiling the CXX compiler identification source file "CMakeCXXCompilerId.cpp" succeeded.
Compiler:  
Build flags: 
Id flags:  

The output was:
0
MSBuild version 17.5.1+f6fdcf537 for .NET Framework
Build started 5/11/2023 10:44:11 PM.
Included response file: C:\Program Files\Microsoft Visual Studio\2022\Community\MSBuild\Current\Bin\amd64\MSBuild.rsp

Project "C:\Users\pc\Desktop\Mon_Vocabulaire_Flutter\build\CMakeFiles\3.25.1-msvc1\CompilerIdCXX\CompilerIdCXX.vcxproj" on node 1 (default targets).
PrepareForBuild:
  Creating directory "Debug\".
  Creating directory "Debug\CompilerIdCXX.tlog\".
InitializeBuildStatus:
  Creating "Debug\CompilerIdCXX.tlog\unsuccessfulbuild" because "AlwaysCreate" was specified.
ClCompile:
  C:\Program Files\Microsoft Visual Studio\2022\Community\VC\Tools\MSVC\14.35.32215\bin\HostX64\x64\CL.exe /c /nologo /W0 /WX- /diagnostics:column /Od /D _MBCS /Gm- /EHsc /RTC1 /MDd /GS /fp:precise /Zc:wchar_t /Zc:forScope /Zc:inline /Fo"Debug\\" /Fd"Debug\vc143.pdb" /external:W0 /Gd /TP /FC /errorReport:queue CMakeCXXCompilerId.cpp
  CMakeCXXCompilerId.cpp
Link:
  C:\Program Files\Microsoft Visual Studio\2022\Community\VC\Tools\MSVC\14.35.32215\bin\HostX64\x64\link.exe /ERRORREPORT:QUEUE /OUT:".\CompilerIdCXX.exe" /INCREMENTAL:NO /NOLOGO kernel32.lib user32.lib gdi32.lib winspool.lib comdlg32.lib advapi32.lib shell32.lib ole32.lib oleaut32.lib uuid.lib odbc32.lib odbccp32.lib /MANIFEST /MANIFESTUAC:"level='asInvoker' uiAccess='false'" /manifest:embed /PDB:".\CompilerIdCXX.pdb" /SUBSYSTEM:CONSOLE /TLBID:1 /DYNAMICBASE /NXCOMPAT /IMPLIB:".\CompilerIdCXX.lib" /MACHINE:X64 Debug\CMakeCXXCompilerId.obj
  CompilerIdCXX.vcxproj -> C:\Users\pc\Desktop\Mon_Vocabulaire_Flutter\build\CMakeFiles\3.25.1-msvc1\CompilerIdCXX\CompilerIdCXX.exe
PostBuildEvent:
  for %%i in (cl.exe) do @echo CMAKE_CXX_COMPILER=%%~$PATH:i
  :VCEnd
  CMAKE_CXX_COMPILER=C:\Program Files\Microsoft Visual Studio\2022\Community\VC\Tools\MSVC\14.35.32215\bin\Hostx64\x64\cl.exe
FinalizeBuildStatus:
  Deleting file "Debug\CompilerIdCXX.tlog\unsuccessfulbuild".
  Touching "Debug\CompilerIdCXX.tlog\CompilerIdCXX.lastbuildstate".
Done Building Project "C:\Users\pc\Desktop\Mon_Vocabulaire_Flutter\build\CMakeFiles\3.25.1-msvc1\CompilerIdCXX\CompilerIdCXX.vcxproj" (default targets).

Build succeeded.
    0 Warning(s)
    0 Error(s)

Time Elapsed 00:00:03.60


Compilation of the CXX compiler identification source "CMakeCXXCompilerId.cpp" produced "CompilerIdCXX.exe"

Compilation of the CXX compiler identification source "CMakeCXXCompilerId.cpp" produced "CompilerIdCXX.vcxproj"

The CXX compiler identification is MSVC, found in "C:/Users/pc/Desktop/Mon_Vocabulaire_Flutter/build/CMakeFiles/3.25.1-msvc1/CompilerIdCXX/CompilerIdCXX.exe"

Detecting CXX compiler ABI info compiled with the following output:
Change Dir: C:/Users/pc/Desktop/Mon_Vocabulaire_Flutter/build/CMakeFiles/CMakeScratch/TryCompile-0d6kq7

Run Build Command(s):C:/Program Files/Microsoft Visual Studio/2022/Community/MSBuild/Current/Bin/amd64/MSBuild.exe cmTC_aeff8.vcxproj /p:Configuration=Debug /p:Platform=x64 /p:VisualStudioVersion=17.0 /v:m && MSBuild version 17.5.1+f6fdcf537 for .NET Framework

  Compilateur d'optimisation Microsoft (R) C/C++ version 19.35.32216.1 pour x64
  CMakeCXXCompilerABI.cpp
  Copyright (C) Microsoft Corporation. Tous droits réservés.
  cl /c /Zi /W3 /WX- /diagnostics:column /Od /Ob0 /D _MBCS /D WIN32 /D _WINDOWS /D "CMAKE_INTDIR=\"Debug\"" /Gm- /EHsc /RTC1 /MDd /GS /fp:precise /Zc:wchar_t /Zc:forScope /Zc:inline /GR /Fo"cmTC_aeff8.dir\Debug\\" /Fd"cmTC_aeff8.dir\Debug\vc143.pdb" /external:W3 /Gd /TP /errorReport:queue "C:\Program Files\Microsoft Visual Studio\2022\Community\Common7\IDE\CommonExtensions\Microsoft\CMake\CMake\share\cmake-3.25\Modules\CMakeCXXCompilerABI.cpp"
  cmTC_aeff8.vcxproj -> C:\Users\pc\Desktop\Mon_Vocabulaire_Flutter\build\CMakeFiles\CMakeScratch\TryCompile-0d6kq7\Debug\cmTC_aeff8.exe



